This is pdfTeX, Version 3.141592653-2.6-1.40.22 (TeX Live 2022/dev/Debian) (preloaded format=pdflatex 2024.4.16)  30 JUN 2024 22:09
entering extended mode
 \write18 enabled.
 %&-line parsing enabled.
**main
(./main.tex
LaTeX2e <2021-11-15> patch level 1
L3 programming layer <2022-01-21>
(/usr/share/texlive/texmf-dist/tex/latex/base/report.cls
Document Class: report 2021/10/04 v1.4n Standard LaTeX document class
(/usr/share/texlive/texmf-dist/tex/latex/base/size12.clo
File: size12.clo 2021/10/04 v1.4n Standard LaTeX file (size option)
)
\c@part=\count185
\c@chapter=\count186
\c@section=\count187
\c@subsection=\count188
\c@subsubsection=\count189
\c@paragraph=\count190
\c@subparagraph=\count191
\c@figure=\count192
\c@table=\count193
\abovecaptionskip=\skip47
\belowcaptionskip=\skip48
\bibindent=\dimen138
)
(/usr/share/texlive/texmf-dist/tex/latex/base/inputenc.sty
Package: inputenc 2021/02/14 v1.3d Input encoding file
\inpenc@prehook=\toks16
\inpenc@posthook=\toks17
)
(/usr/share/texlive/texmf-dist/tex/latex/graphics/graphicx.sty
Package: graphicx 2021/09/16 v1.2d Enhanced LaTeX Graphics (DPC,SPQR)

(/usr/share/texlive/texmf-dist/tex/latex/graphics/keyval.sty
Package: keyval 2014/10/28 v1.15 key=value parser (DPC)
\KV@toks@=\toks18
)
(/usr/share/texlive/texmf-dist/tex/latex/graphics/graphics.sty
Package: graphics 2021/03/04 v1.4d Standard LaTeX Graphics (DPC,SPQR)

(/usr/share/texlive/texmf-dist/tex/latex/graphics/trig.sty
Package: trig 2021/08/11 v1.11 sin cos tan (DPC)
)
(/usr/share/texlive/texmf-dist/tex/latex/graphics-cfg/graphics.cfg
File: graphics.cfg 2016/06/04 v1.11 sample graphics configuration
)
Package graphics Info: Driver file: pdftex.def on input line 107.

(/usr/share/texlive/texmf-dist/tex/latex/graphics-def/pdftex.def
File: pdftex.def 2020/10/05 v1.2a Graphics/color driver for pdftex
))
\Gin@req@height=\dimen139
\Gin@req@width=\dimen140
)
(/usr/share/texlive/texmf-dist/tex/latex/hyperref/hyperref.sty
Package: hyperref 2021-06-07 v7.00m Hypertext links for LaTeX

(/usr/share/texlive/texmf-dist/tex/generic/ltxcmds/ltxcmds.sty
Package: ltxcmds 2020-05-10 v1.25 LaTeX kernel commands for general use (HO)
)
(/usr/share/texlive/texmf-dist/tex/generic/iftex/iftex.sty
Package: iftex 2020/03/06 v1.0d TeX engine tests
)
(/usr/share/texlive/texmf-dist/tex/generic/pdftexcmds/pdftexcmds.sty
Package: pdftexcmds 2020-06-27 v0.33 Utility functions of pdfTeX for LuaTeX (HO
)

(/usr/share/texlive/texmf-dist/tex/generic/infwarerr/infwarerr.sty
Package: infwarerr 2019/12/03 v1.5 Providing info/warning/error messages (HO)
)
Package pdftexcmds Info: \pdf@primitive is available.
Package pdftexcmds Info: \pdf@ifprimitive is available.
Package pdftexcmds Info: \pdfdraftmode found.
)
(/usr/share/texlive/texmf-dist/tex/generic/kvsetkeys/kvsetkeys.sty
Package: kvsetkeys 2019/12/15 v1.18 Key value parser (HO)
)
(/usr/share/texlive/texmf-dist/tex/generic/kvdefinekeys/kvdefinekeys.sty
Package: kvdefinekeys 2019-12-19 v1.6 Define keys (HO)
)
(/usr/share/texlive/texmf-dist/tex/generic/pdfescape/pdfescape.sty
Package: pdfescape 2019/12/09 v1.15 Implements pdfTeX's escape features (HO)
)
(/usr/share/texlive/texmf-dist/tex/latex/hycolor/hycolor.sty
Package: hycolor 2020-01-27 v1.10 Color options for hyperref/bookmark (HO)
)
(/usr/share/texlive/texmf-dist/tex/latex/letltxmacro/letltxmacro.sty
Package: letltxmacro 2019/12/03 v1.6 Let assignment for LaTeX macros (HO)
)
(/usr/share/texlive/texmf-dist/tex/latex/auxhook/auxhook.sty
Package: auxhook 2019-12-17 v1.6 Hooks for auxiliary files (HO)
)
(/usr/share/texlive/texmf-dist/tex/latex/kvoptions/kvoptions.sty
Package: kvoptions 2020-10-07 v3.14 Key value format for package options (HO)
)
\@linkdim=\dimen141
\Hy@linkcounter=\count194
\Hy@pagecounter=\count195

(/usr/share/texlive/texmf-dist/tex/latex/hyperref/pd1enc.def
File: pd1enc.def 2021-06-07 v7.00m Hyperref: PDFDocEncoding definition (HO)
Now handling font encoding PD1 ...
... no UTF-8 mapping file for font encoding PD1
)
(/usr/share/texlive/texmf-dist/tex/latex/hyperref/hyperref-langpatches.def
File: hyperref-langpatches.def 2021-06-07 v7.00m Hyperref: patches for babel la
nguages
)
(/usr/share/texlive/texmf-dist/tex/generic/intcalc/intcalc.sty
Package: intcalc 2019/12/15 v1.3 Expandable calculations with integers (HO)
)
(/usr/share/texlive/texmf-dist/tex/generic/etexcmds/etexcmds.sty
Package: etexcmds 2019/12/15 v1.7 Avoid name clashes with e-TeX commands (HO)
)
\Hy@SavedSpaceFactor=\count196

(/usr/share/texlive/texmf-dist/tex/latex/hyperref/puenc.def
File: puenc.def 2021-06-07 v7.00m Hyperref: PDF Unicode definition (HO)
Now handling font encoding PU ...
... no UTF-8 mapping file for font encoding PU
)
Package hyperref Info: Hyper figures OFF on input line 4192.
Package hyperref Info: Link nesting OFF on input line 4197.
Package hyperref Info: Hyper index ON on input line 4200.
Package hyperref Info: Plain pages OFF on input line 4207.
Package hyperref Info: Backreferencing OFF on input line 4212.
Package hyperref Info: Implicit mode ON; LaTeX internals redefined.
Package hyperref Info: Bookmarks ON on input line 4445.
\c@Hy@tempcnt=\count197

(/usr/share/texlive/texmf-dist/tex/latex/url/url.sty
\Urlmuskip=\muskip16
Package: url 2013/09/16  ver 3.4  Verb mode for urls, etc.
)
LaTeX Info: Redefining \url on input line 4804.
\XeTeXLinkMargin=\dimen142

(/usr/share/texlive/texmf-dist/tex/generic/bitset/bitset.sty
Package: bitset 2019/12/09 v1.3 Handle bit-vector datatype (HO)

(/usr/share/texlive/texmf-dist/tex/generic/bigintcalc/bigintcalc.sty
Package: bigintcalc 2019/12/15 v1.5 Expandable calculations on big integers (HO
)
))
\Fld@menulength=\count198
\Field@Width=\dimen143
\Fld@charsize=\dimen144
Package hyperref Info: Hyper figures OFF on input line 6076.
Package hyperref Info: Link nesting OFF on input line 6081.
Package hyperref Info: Hyper index ON on input line 6084.
Package hyperref Info: backreferencing OFF on input line 6091.
Package hyperref Info: Link coloring OFF on input line 6096.
Package hyperref Info: Link coloring with OCG OFF on input line 6101.
Package hyperref Info: PDF/A mode OFF on input line 6106.
LaTeX Info: Redefining \ref on input line 6146.
LaTeX Info: Redefining \pageref on input line 6150.

(/usr/share/texlive/texmf-dist/tex/latex/base/atbegshi-ltx.sty
Package: atbegshi-ltx 2021/01/10 v1.0c Emulation of the original atbegshi
package with kernel methods
)
\Hy@abspage=\count199
\c@Item=\count266
\c@Hfootnote=\count267
)
Package hyperref Info: Driver (autodetected): hpdftex.

(/usr/share/texlive/texmf-dist/tex/latex/hyperref/hpdftex.def
File: hpdftex.def 2021-06-07 v7.00m Hyperref driver for pdfTeX

(/usr/share/texlive/texmf-dist/tex/latex/base/atveryend-ltx.sty
Package: atveryend-ltx 2020/08/19 v1.0a Emulation of the original atveryend pac
kage
with kernel methods
)
\Fld@listcount=\count268
\c@bookmark@seq@number=\count269

(/usr/share/texlive/texmf-dist/tex/latex/rerunfilecheck/rerunfilecheck.sty
Package: rerunfilecheck 2019/12/05 v1.9 Rerun checks for auxiliary files (HO)

(/usr/share/texlive/texmf-dist/tex/generic/uniquecounter/uniquecounter.sty
Package: uniquecounter 2019/12/15 v1.4 Provide unlimited unique counter (HO)
)
Package uniquecounter Info: New unique counter `rerunfilecheck' on input line 2
86.
)
\Hy@SectionHShift=\skip49
)
(/usr/share/texlive/texmf-dist/tex/latex/xcolor/xcolor.sty
Package: xcolor 2021/10/31 v2.13 LaTeX color extensions (UK)

(/usr/share/texlive/texmf-dist/tex/latex/graphics-cfg/color.cfg
File: color.cfg 2016/01/02 v1.6 sample color configuration
)
Package xcolor Info: Driver file: pdftex.def on input line 227.
Package xcolor Info: Model `cmy' substituted by `cmy0' on input line 1352.
Package xcolor Info: Model `hsb' substituted by `rgb' on input line 1356.
Package xcolor Info: Model `RGB' extended on input line 1368.
Package xcolor Info: Model `HTML' substituted by `rgb' on input line 1370.
Package xcolor Info: Model `Hsb' substituted by `hsb' on input line 1371.
Package xcolor Info: Model `tHsb' substituted by `hsb' on input line 1372.
Package xcolor Info: Model `HSB' substituted by `hsb' on input line 1373.
Package xcolor Info: Model `Gray' substituted by `gray' on input line 1374.
Package xcolor Info: Model `wave' substituted by `hsb' on input line 1375.
)
(/usr/share/texlive/texmf-dist/tex/latex/tools/array.sty
Package: array 2021/10/04 v2.5f Tabular extension package (FMi)
\col@sep=\dimen145
\ar@mcellbox=\box50
\extrarowheight=\dimen146
\NC@list=\toks19
\extratabsurround=\skip50
\backup@length=\skip51
\ar@cellbox=\box51
)
(/usr/share/texlive/texmf-dist/tex/generic/babel/babel.sty
Package: babel 2022/01/26 3.70 The Babel package
\babel@savecnt=\count270
\U@D=\dimen147
\l@unhyphenated=\language8

(/usr/share/texlive/texmf-dist/tex/generic/babel/txtbabel.def)
\bbl@readstream=\read2
\bbl@dirlevel=\count271

(/usr/share/texlive/texmf-dist/tex/generic/babel-portuges/portuguese.ldf
Language: portuges 2021/07/09 v1.2t Portuguese support from the babel system
Package babel Info: Making " an active character on input line 143.
))
(/usr/share/texlive/texmf-dist/tex/latex/listings/listings.sty
\lst@mode=\count272
\lst@gtempboxa=\box52
\lst@token=\toks20
\lst@length=\count273
\lst@currlwidth=\dimen148
\lst@column=\count274
\lst@pos=\count275
\lst@lostspace=\dimen149
\lst@width=\dimen150
\lst@newlines=\count276
\lst@lineno=\count277
\lst@maxwidth=\dimen151

(/usr/share/texlive/texmf-dist/tex/latex/listings/lstmisc.sty
File: lstmisc.sty 2020/03/24 1.8d (Carsten Heinz)
\c@lstnumber=\count278
\lst@skipnumbers=\count279
\lst@framebox=\box53
)
(/usr/share/texlive/texmf-dist/tex/latex/listings/listings.cfg
File: listings.cfg 2020/03/24 1.8d listings configuration
))
Package: listings 2020/03/24 1.8d (Carsten Heinz)

(/usr/share/texlive/texmf-dist/tex/latex/l3backend/l3backend-pdftex.def
File: l3backend-pdftex.def 2022-01-12 L3 backend support: PDF output (pdfTeX)
\l__color_backend_stack_int=\count280
\l__pdf_internal_box=\box54
)
(./main.aux (./cover.aux) (./chapters/chapter1.aux) (./chapters/chapter2.aux)
(./chapters/chapter3.aux) (./chapters/chapter4.aux) (./chapters/chapter5.aux)
(./chapters/chapter6.aux))
\openout1 = `main.aux'.

LaTeX Font Info:    Checking defaults for OML/cmm/m/it on input line 19.
LaTeX Font Info:    ... okay on input line 19.
LaTeX Font Info:    Checking defaults for OMS/cmsy/m/n on input line 19.
LaTeX Font Info:    ... okay on input line 19.
LaTeX Font Info:    Checking defaults for OT1/cmr/m/n on input line 19.
LaTeX Font Info:    ... okay on input line 19.
LaTeX Font Info:    Checking defaults for T1/cmr/m/n on input line 19.
LaTeX Font Info:    ... okay on input line 19.
LaTeX Font Info:    Checking defaults for TS1/cmr/m/n on input line 19.
LaTeX Font Info:    ... okay on input line 19.
LaTeX Font Info:    Checking defaults for OMX/cmex/m/n on input line 19.
LaTeX Font Info:    ... okay on input line 19.
LaTeX Font Info:    Checking defaults for U/cmr/m/n on input line 19.
LaTeX Font Info:    ... okay on input line 19.
LaTeX Font Info:    Checking defaults for PD1/pdf/m/n on input line 19.
LaTeX Font Info:    ... okay on input line 19.
LaTeX Font Info:    Checking defaults for PU/pdf/m/n on input line 19.
LaTeX Font Info:    ... okay on input line 19.

(/usr/share/texlive/texmf-dist/tex/context/base/mkii/supp-pdf.mkii
[Loading MPS to PDF converter (version 2006.09.02).]
\scratchcounter=\count281
\scratchdimen=\dimen152
\scratchbox=\box55
\nofMPsegments=\count282
\nofMParguments=\count283
\everyMPshowfont=\toks21
\MPscratchCnt=\count284
\MPscratchDim=\dimen153
\MPnumerator=\count285
\makeMPintoPDFobject=\count286
\everyMPtoPDFconversion=\toks22
) (/usr/share/texlive/texmf-dist/tex/latex/epstopdf-pkg/epstopdf-base.sty
Package: epstopdf-base 2020-01-24 v2.11 Base part for package epstopdf
Package epstopdf-base Info: Redefining graphics rule for `.eps' on input line 4
85.

(/usr/share/texlive/texmf-dist/tex/latex/latexconfig/epstopdf-sys.cfg
File: epstopdf-sys.cfg 2010/07/13 v1.3 Configuration of (r)epstopdf for TeX Liv
e
))
Package hyperref Info: Link coloring OFF on input line 19.

(/usr/share/texlive/texmf-dist/tex/latex/hyperref/nameref.sty
Package: nameref 2021-04-02 v2.47 Cross-referencing by name of section

(/usr/share/texlive/texmf-dist/tex/latex/refcount/refcount.sty
Package: refcount 2019/12/15 v3.6 Data extraction from label references (HO)
)
(/usr/share/texlive/texmf-dist/tex/generic/gettitlestring/gettitlestring.sty
Package: gettitlestring 2019/12/15 v1.6 Cleanup title references (HO)
)
\c@section@level=\count287
)
LaTeX Info: Redefining \ref on input line 19.
LaTeX Info: Redefining \pageref on input line 19.
LaTeX Info: Redefining \nameref on input line 19.

(./main.out) (./main.out)
\@outlinefile=\write3
\openout3 = `main.out'.

\c@lstlisting=\count288
\openout2 = `cover.aux'.

 (./cover.tex [1


{/var/lib/texmf/fonts/map/pdftex/updmap/pdftex.map}]) (./main.toc
LaTeX Font Info:    External font `cmex10' loaded for size
(Font)              <12> on input line 6.
LaTeX Font Info:    External font `cmex10' loaded for size
(Font)              <8> on input line 6.
LaTeX Font Info:    External font `cmex10' loaded for size
(Font)              <6> on input line 6.
)
\tf@toc=\write4
\openout4 = `main.toc'.

pdfTeX warning (ext4): destination with the same identifier (name{page.1}) has 
been already used, duplicate ignored
<to be read again> 
                   \relax 
l.25 \include{chapters/chapter1}
                                 [1



]
\openout2 = `chapters/chapter1.aux'.

 (./chapters/chapter1.tex
Cap\'{\i }tulo 1.
<red-bull-1.jpg, id=56, 828.09375pt x 405.515pt>
File: red-bull-1.jpg Graphic file (type jpg)
<use red-bull-1.jpg>
Package pdftex.def Info: red-bull-1.jpg  used on input line 5.
(pdftex.def)             Requested size: 312.00119pt x 152.7855pt.

Overfull \hbox (18.27448pt too wide) in paragraph at lines 11--19
 [] 
 []

[2


 <./red-bull-1.jpg>]) [3]
\openout2 = `chapters/chapter2.aux'.

 (./chapters/chapter2.tex
Cap\'{\i }tulo 2.
<sky-jinx.png, id=70, 549.55313pt x 347.79938pt>
File: sky-jinx.png Graphic file (type png)
<use sky-jinx.png>
Package pdftex.def Info: sky-jinx.png  used on input line 4.
(pdftex.def)             Requested size: 272.99881pt x 172.77948pt.
<ski-free.png, id=73, 484.81125pt x 483.30562pt>
File: ski-free.png Graphic file (type png)
<use ski-free.png>
Package pdftex.def Info: ski-free.png  used on input line 11.
(pdftex.def)             Requested size: 234.00238pt x 233.282pt.

LaTeX Warning: `h' float specifier changed to `ht'.

[4




 <./sky-jinx.png>]
<swing-copters.jpg, id=82, 430.60875pt x 770.88pt>
File: swing-copters.jpg Graphic file (type jpg)
<use swing-copters.jpg>
Package pdftex.def Info: swing-copters.jpg  used on input line 18.
(pdftex.def)             Requested size: 155.99762pt x 279.26923pt.


LaTeX Warning: `h' float specifier changed to `ht'.

) [5 <./ski-free.png>] [6 <./swing-copters.jpg>]
\openout2 = `chapters/chapter3.aux'.

 (./chapters/chapter3.tex
Cap\'{\i }tulo 3.

Overfull \hbox (17.5502pt too wide) in paragraph at lines 12--12
[]\OT1/cmtt/m/n/12 357        358         359   <-- -1 -- +1 -->  0        1   
     2[] 
 []

[7




]
<mouse-x.png, id=102, 597.73312pt x 404.26031pt>
File: mouse-x.png Graphic file (type png)
<use mouse-x.png>
Package pdftex.def Info: mouse-x.png  used on input line 36.
(pdftex.def)             Requested size: 390.0pt x 263.76538pt.
) [8 <./mouse-x.png>]
\openout2 = `chapters/chapter4.aux'.

 (./chapters/chapter4.tex
Cap\'{\i }tulo 4.
<menu.png, id=108, 859.71187pt x 484.05844pt>
File: menu.png Graphic file (type png)
<use menu.png>
Package pdftex.def Info: menu.png  used on input line 8.
(pdftex.def)             Requested size: 390.0pt x 219.58957pt.
<center.png, id=109, 858.95906pt x 481.8pt>
File: center.png Graphic file (type png)
<use center.png>
Package pdftex.def Info: center.png  used on input line 17.
(pdftex.def)             Requested size: 390.0pt x 218.75618pt.

LaTeX Warning: `h' float specifier changed to `ht'.

<game.png, id=110, 860.46469pt x 482.55281pt>
File: game.png Graphic file (type png)
<use game.png>
Package pdftex.def Info: game.png  used on input line 26.
(pdftex.def)             Requested size: 390.0pt x 218.7151pt.
[9




 <./menu.png>]

LaTeX Warning: `h' float specifier changed to `ht'.

[10 <./center.png>] [11 <./game.png>]
Cap\'{\i }tulo 5.
<red-bull-2.jpg, id=126, 434.45068pt x 289.63379pt>
File: red-bull-2.jpg Graphic file (type jpg)
<use red-bull-2.jpg>
Package pdftex.def Info: red-bull-2.jpg  used on input line 46.
(pdftex.def)             Requested size: 312.00119pt x 208.00583pt.
[12

 <./red-bull-2.jpg>] [13]
LaTeX Font Info:    Trying to load font information for TS1+cmtt on input line 
111.

(/usr/share/texlive/texmf-dist/tex/latex/base/ts1cmtt.fd
File: ts1cmtt.fd 2019/12/16 v2.5j Standard LaTeX font definitions
) [14]
Overfull \hbox (0.29048pt too wide) in paragraph at lines 130--132
\OT1/cmr/m/n/12 O jogo dura 5 mi-nu-tos, mas apa-re-cem em posi^^Xc~oes aleat^^
Sorias do mapa "power-
 []

[15] [16]) [17]
\openout2 = `chapters/chapter5.aux'.

 (./chapters/chapter5.tex
Cap\'{\i }tulo 6.
[18




]
Overfull \hbox (3.95526pt too wide) in paragraph at lines 30--33
\OT1/cmr/m/n/12 A ve-lo-ci-dade m^^S^^Pnima que o avi~ao pode man-ter. Im-pacto
: Ve-lo-ci-da-des m^^S^^Pnimas
 []


Overfull \hbox (48.42522pt too wide) in paragraph at lines 91--91
[]\OT1/cmtt/m/n/12 int loseHealthSpeed = Levels.getLevelInfo(Levels.Info.LoseHe
althSpeed);[] 
 []

[19]
Overfull \hbox (17.5502pt too wide) in paragraph at lines 91--91
[]        \OT1/cmtt/m/n/12 GetNode<Game>("/root/Game").Health -= loseHealthSpee
d + 2;[] 
 []


Overfull \hbox (17.5502pt too wide) in paragraph at lines 91--91
[]        \OT1/cmtt/m/n/12 GetNode<Game>("/root/Game").Health -= loseHealthSpee
d + 4;[] 
 []

[20]) [21]
\openout2 = `chapters/chapter6.aux'.

 (./chapters/chapter6.tex
Underfull \hbox (badness 2951) in paragraph at lines 10--10
[]| \OT1/cmr/m/n/12 Pas-sar por cima
 []


Underfull \hbox (badness 2726) in paragraph at lines 12--12
[]| \OT1/cmr/m/n/12 Pas-sar pelo Air-
 []


Underfull \hbox (badness 10000) in paragraph at lines 12--12
\OT1/cmr/m/n/12 gate no sen-tido
 []


Underfull \hbox (badness 2726) in paragraph at lines 14--14
[]| \OT1/cmr/m/n/12 Pas-sar pelo Air-
 []


Underfull \hbox (badness 10000) in paragraph at lines 14--14
\OT1/cmr/m/n/12 gate ou Air-gate
 []


Underfull \hbox (badness 2726) in paragraph at lines 16--16
[]| \OT1/cmr/m/n/12 Pas-sar pelo Air-
 []


Underfull \hbox (badness 10000) in paragraph at lines 16--16
\OT1/cmr/m/n/12 gate Nar-row no
 []


Underfull \hbox (badness 3049) in paragraph at lines 16--16
\OT1/cmr/m/n/12 sen-tido cor-reto e
 []


Underfull \hbox (badness 2726) in paragraph at lines 18--18
[]| \OT1/cmr/m/n/12 Pas-sar pelo Air-
 []


Underfull \hbox (badness 10000) in paragraph at lines 18--18
\OT1/cmr/m/n/12 gate Nar-row no
 []


Underfull \hbox (badness 10000) in paragraph at lines 18--18
\OT1/cmr/m/n/12 sen-tido cor-reto,
 []


Underfull \hbox (badness 1642) in paragraph at lines 22--22
\OT1/cmr/m/n/12 uma dist^ancia ao
 []


Underfull \hbox (badness 1642) in paragraph at lines 24--24
\OT1/cmr/m/n/12 uma dist^ancia ao
 []


Underfull \hbox (badness 1642) in paragraph at lines 26--26
\OT1/cmr/m/n/12 uma dist^ancia ao
 []


Overfull \hbox (25.19998pt too wide) in paragraph at lines 6--29
 [][] 
 []


LaTeX Warning: Float too large for page by 105.00862pt on input line 29.


LaTeX Warning: `h' float specifier changed to `ht'.

) [22



] [23] (./main.bbl) [24



] (./main.aux (./cover.aux)
(./chapters/chapter1.aux) (./chapters/chapter2.aux) (./chapters/chapter3.aux)
(./chapters/chapter4.aux) (./chapters/chapter5.aux) (./chapters/chapter6.aux))
Package rerunfilecheck Info: File `main.out' has not changed.
(rerunfilecheck)             Checksum: 847CDD79C22F2CC32C3DED41D9B98BB5;725.
 ) 
Here is how much of TeX's memory you used:
 11716 strings out of 480154
 183875 string characters out of 5893788
 621881 words of memory out of 5000000
 29339 multiletter control sequences out of 15000+600000
 475690 words of font info for 50 fonts, out of 8000000 for 9000
 61 hyphenation exceptions out of 8191
 60i,11n,63p,767b,1822s stack positions out of 5000i,500n,10000p,200000b,80000s
 </home/arm/.texlive2021/texmf-var/fonts/pk/ljfour/jknappen/ec/tctt1095.600pk
> </home/arm/.texlive2021/texmf-var/fonts/pk/ljfour/jknappen/ec/tcrm1200.600pk>
</usr/share/texlive/texmf-dist/fonts/type1/public/amsfonts/cm/cmbx12.pfb></usr/
share/texlive/texmf-dist/fonts/type1/public/amsfonts/cm/cmr12.pfb></usr/share/t
exlive/texmf-dist/fonts/type1/public/amsfonts/cm/cmr17.pfb></usr/share/texlive/
texmf-dist/fonts/type1/public/amsfonts/cm/cmtt10.pfb></usr/share/texlive/texmf-
dist/fonts/type1/public/amsfonts/cm/cmtt12.pfb>
Output written on main.pdf (25 pages, 4163435 bytes).
PDF statistics:
 363 PDF objects out of 1000 (max. 8388607)
 305 compressed objects within 4 object streams
 153 named destinations out of 1000 (max. 500000)
 110 words of extra memory for PDF output out of 10000 (max. 10000000)

